[ 2024-12-29 15:54:05,071 ] 23 root - INFO - Data Ingestion has been started
[ 2024-12-29 15:54:05,071 ] 25 root - INFO - Data reading using Pandas from local file system
[ 2024-12-29 15:54:05,091 ] 27 root - INFO - Data reading has been completed
[ 2024-12-29 15:54:05,150 ] 31 root - INFO - Raw data has been stored
[ 2024-12-29 15:54:05,154 ] 34 root - INFO - Raw data has been splitted into train and test set
[ 2024-12-29 15:54:05,212 ] 39 root - INFO - Data has been completed
[ 2024-12-29 15:54:05,212 ] 49 root - INFO - Created feature store configuration at /home/azim/mlops-project/feature_repo/feature_repo/feature_store.yaml
[ 2024-12-29 15:54:05,212 ] 53 root - INFO - Configuration file content:
project: income_prediction
provider: local
registry: data/registry.db
online_store:
  type: sqlite
offline_store:
  type: file
entity_key_serialization_version: 2
[ 2024-12-29 15:54:05,227 ] 855 feast.infra.registry.registry - INFO - Registry cache expired, so refreshing
[ 2024-12-29 15:54:05,232 ] 57 root - INFO - Feature store initialized successfully
[ 2024-12-29 15:54:05,251 ] 110 root - INFO - Read train and test data completed
[ 2024-12-29 15:54:05,251 ] 111 root - INFO - Obtaining preprocessing object
[ 2024-12-29 15:54:05,251 ] 65 root - INFO - Data Transformation Started
[ 2024-12-29 15:54:05,253 ] 126 root - INFO - Applying preprocessing object on training and testing datasets.
[ 2024-12-29 15:54:05,288 ] 131 root - INFO - Starting feature store operations
[ 2024-12-29 15:54:05,301 ] 176 root - INFO - Saved feature data to feature_repo/data/train_features.parquet
[ 2024-12-29 15:54:05,302 ] 855 feast.infra.registry.registry - INFO - Registry cache expired, so refreshing
[ 2024-12-29 15:54:05,307 ] 215 root - INFO - Applied entity and feature view for train
[ 2024-12-29 15:54:05,307 ] 855 feast.infra.registry.registry - INFO - Registry cache expired, so refreshing
[ 2024-12-29 15:54:05,311 ] 855 feast.infra.registry.registry - INFO - Registry cache expired, so refreshing
[ 2024-12-29 15:54:05,311 ] 855 feast.infra.registry.registry - INFO - Registry cache expired, so refreshing
[ 2024-12-29 15:54:11,762 ] 855 feast.infra.registry.registry - INFO - Registry cache expired, so refreshing
[ 2024-12-29 15:54:13,290 ] 222 root - INFO - Materialized features successfully
[ 2024-12-29 15:54:13,290 ] 135 root - INFO - Pushed training data to feature store
[ 2024-12-29 15:54:13,299 ] 176 root - INFO - Saved feature data to feature_repo/data/test_features.parquet
[ 2024-12-29 15:54:13,300 ] 855 feast.infra.registry.registry - INFO - Registry cache expired, so refreshing
[ 2024-12-29 15:54:13,305 ] 215 root - INFO - Applied entity and feature view for test
[ 2024-12-29 15:54:13,305 ] 855 feast.infra.registry.registry - INFO - Registry cache expired, so refreshing
[ 2024-12-29 15:54:13,307 ] 855 feast.infra.registry.registry - INFO - Registry cache expired, so refreshing
[ 2024-12-29 15:54:13,308 ] 855 feast.infra.registry.registry - INFO - Registry cache expired, so refreshing
[ 2024-12-29 15:54:19,166 ] 855 feast.infra.registry.registry - INFO - Registry cache expired, so refreshing
[ 2024-12-29 15:54:20,721 ] 222 root - INFO - Materialized features successfully
[ 2024-12-29 15:54:20,721 ] 138 root - INFO - Pushed testing data to feature store
[ 2024-12-29 15:54:20,745 ] 123 root - INFO - Starting model training pipeline
[ 2024-12-29 15:54:20,745 ] 166 root - INFO - Training RandomForest
[ 2024-12-29 15:54:20,838 ] 52 root - INFO - Started Training RandomForest
[ 2024-12-29 15:54:57,129 ] 73 root - INFO - Best Paramaters for RandomForest: {'best_class_weight': 'balanced', 'best_max_depth': 10, 'best_min_samples_split': 2, 'best_n_estimators': 50}
[ 2024-12-29 15:55:00,331 ] 114 root - INFO - Completed Training RandomForest
[ 2024-12-29 15:55:00,345 ] 166 root - INFO - Training DecisionTree
[ 2024-12-29 15:55:00,357 ] 52 root - INFO - Started Training DecisionTree
[ 2024-12-29 15:55:06,498 ] 73 root - INFO - Best Paramaters for DecisionTree: {'best_class_weight': 'balanced', 'best_criterion': 'entropy', 'best_max_depth': 6, 'best_min_samples_split': 2}
[ 2024-12-29 15:55:08,525 ] 114 root - INFO - Completed Training DecisionTree
[ 2024-12-29 15:55:08,552 ] 166 root - INFO - Training LogisticRegression
[ 2024-12-29 15:55:08,573 ] 52 root - INFO - Started Training LogisticRegression
[ 2024-12-29 15:55:12,898 ] 73 root - INFO - Best Paramaters for LogisticRegression: {'best_C': 10, 'best_class_weight': 'balanced', 'best_solver': 'saga'}
[ 2024-12-29 15:55:14,642 ] 114 root - INFO - Completed Training LogisticRegression
[ 2024-12-29 15:55:14,655 ] 183 root - INFO - Best model: RandomForest with accuracy:0.8102335586969883
