[ 2024-12-28 01:46:55,917 ] 23 root - INFO - Data Ingestion has been started
[ 2024-12-28 01:46:55,917 ] 25 root - INFO - Data reading using Pandas from local file system
[ 2024-12-28 01:46:55,945 ] 27 root - INFO - Data reading has been completed
[ 2024-12-28 01:46:56,007 ] 31 root - INFO - Raw data has been stored
[ 2024-12-28 01:46:56,015 ] 34 root - INFO - Raw data has been splitted into train and test set
[ 2024-12-28 01:46:56,074 ] 39 root - INFO - Data has been completed
[ 2024-12-28 01:46:56,075 ] 50 root - INFO - Created feature store configuration at /home/azim/mlops-project/feature_repo/feature_store.yaml
[ 2024-12-28 01:46:56,075 ] 54 root - INFO - Configuration file content:
project: income_prediction
provider: local
registry: data/registry.db
online_store:
    type: sqlite
offline_store:
    type: file
entity_key_serialization_version: 2
[ 2024-12-28 01:46:56,106 ] 855 feast.infra.registry.registry - INFO - Registry cache expired, so refreshing
[ 2024-12-28 01:46:56,113 ] 58 root - INFO - Feature store initialized successfully
[ 2024-12-28 01:46:56,139 ] 110 root - INFO - Read train and test data completed
[ 2024-12-28 01:46:56,139 ] 111 root - INFO - Obtaining preprocessing object
[ 2024-12-28 01:46:56,139 ] 66 root - INFO - Data Transformation has been started
[ 2024-12-28 01:46:56,143 ] 125 root - INFO - Applying Preprocessing object on training and testing dataset.
[ 2024-12-28 01:46:56,184 ] 130 root - INFO - Starting Feature Store Operations
[ 2024-12-28 01:46:56,208 ] 174 root - INFO - Saved Feature Data to feature_repo/data/train_features.parquet
[ 2024-12-28 01:46:56,210 ] 855 feast.infra.registry.registry - INFO - Registry cache expired, so refreshing
[ 2024-12-28 01:46:56,218 ] 210 root - INFO - Applied entity and feature view for train
[ 2024-12-28 01:46:56,219 ] 855 feast.infra.registry.registry - INFO - Registry cache expired, so refreshing
[ 2024-12-28 01:46:56,220 ] 855 feast.infra.registry.registry - INFO - Registry cache expired, so refreshing
[ 2024-12-28 01:46:56,221 ] 855 feast.infra.registry.registry - INFO - Registry cache expired, so refreshing
[ 2024-12-28 01:46:56,227 ] 220 root - ERROR - Error in push_features_to_store: An error occurred while calling the read_parquet method registered to the pandas backend.
Original Message: /home/azim/mlops-project/data/train_features.parquet
[ 2024-12-28 01:46:56,228 ] 52 root - ERROR - 
Error occurred in Python script:
→ File: /home/azim/mlops-project/src/components/data_transformation.py
→ Line number: 213
→ Error message: An error occurred while calling the read_parquet method registered to the pandas backend.
Original Message: /home/azim/mlops-project/data/train_features.parquet
[ 2024-12-28 01:46:56,228 ] 152 root - ERROR - Error in data transformatin: 
Error occurred in Python script:
→ File: /home/azim/mlops-project/src/components/data_transformation.py
→ Line number: 213
→ Error message: An error occurred while calling the read_parquet method registered to the pandas backend.
Original Message: /home/azim/mlops-project/data/train_features.parquet
[ 2024-12-28 01:46:56,228 ] 52 root - ERROR - 
Error occurred in Python script:
→ File: /home/azim/mlops-project/src/components/data_transformation.py
→ Line number: 133
→ Error message: 
Error occurred in Python script:
→ File: /home/azim/mlops-project/src/components/data_transformation.py
→ Line number: 213
→ Error message: An error occurred while calling the read_parquet method registered to the pandas backend.
Original Message: /home/azim/mlops-project/data/train_features.parquet
