[ 2024-12-24 10:16:50,419 ] 22 root - INFO - Data Ingestion has been started
[ 2024-12-24 10:16:50,420 ] 24 root - INFO - Data reading using Pandas from local file system
[ 2024-12-24 10:16:50,441 ] 26 root - INFO - Data reading has been completed
[ 2024-12-24 10:16:50,515 ] 30 root - INFO - Raw data has been stored
[ 2024-12-24 10:16:50,520 ] 33 root - INFO - Raw data has been splitted into train and test set
[ 2024-12-24 10:16:50,587 ] 38 root - INFO - Data has been completed
[ 2024-12-24 10:16:50,588 ] 50 root - INFO - Created feature store configuration at /home/azim/mlops-project/feature_repo/feature_store.yaml
[ 2024-12-24 10:16:50,588 ] 54 root - INFO - Configuration file content:
project: income_prediction
provider: local
registry: data/registry.db
online_store:
    type: sqlite
offline_store:
    type: file
entity_key_serialization_version: 2
[ 2024-12-24 10:16:50,603 ] 855 feast.infra.registry.registry - INFO - Registry cache expired, so refreshing
[ 2024-12-24 10:16:50,608 ] 58 root - INFO - Feature store initialized successfully
[ 2024-12-24 10:16:50,629 ] 110 root - INFO - Read train and test data completed
[ 2024-12-24 10:16:50,629 ] 111 root - INFO - Obtaining preprocessing object
[ 2024-12-24 10:16:50,629 ] 66 root - INFO - Data Transformation has been started
[ 2024-12-24 10:16:50,631 ] 125 root - INFO - Applying Preprocessing object on training and testing dataset.
[ 2024-12-24 10:16:50,666 ] 130 root - INFO - Starting Feature Store Operations
[ 2024-12-24 10:16:50,680 ] 236 root - INFO - Saved Feature Data to feature_repo/data/train_features.parquet
[ 2024-12-24 10:16:50,682 ] 855 feast.infra.registry.registry - INFO - Registry cache expired, so refreshing
[ 2024-12-24 10:16:50,687 ] 254 root - INFO - Applied entity and feature view for train
[ 2024-12-24 10:16:50,687 ] 855 feast.infra.registry.registry - INFO - Registry cache expired, so refreshing
[ 2024-12-24 10:16:50,690 ] 855 feast.infra.registry.registry - INFO - Registry cache expired, so refreshing
[ 2024-12-24 10:16:50,691 ] 855 feast.infra.registry.registry - INFO - Registry cache expired, so refreshing
[ 2024-12-24 10:16:50,695 ] 262 root - ERROR - Error in push_features_to_store: An error occurred while calling the read_parquet method registered to the pandas backend.
Original Message: /home/azim/mlops-project/data/train_features.parquet
[ 2024-12-24 10:16:50,695 ] 52 root - ERROR - 
Error occurred in Python script:
→ File: /home/azim/mlops-project/src/components/data_transformation.py
→ Line number: 255
→ Error message: An error occurred while calling the read_parquet method registered to the pandas backend.
Original Message: /home/azim/mlops-project/data/train_features.parquet
[ 2024-12-24 10:16:50,696 ] 152 root - ERROR - Error in data transformatin: 
Error occurred in Python script:
→ File: /home/azim/mlops-project/src/components/data_transformation.py
→ Line number: 255
→ Error message: An error occurred while calling the read_parquet method registered to the pandas backend.
Original Message: /home/azim/mlops-project/data/train_features.parquet
[ 2024-12-24 10:16:50,696 ] 52 root - ERROR - 
Error occurred in Python script:
→ File: /home/azim/mlops-project/src/components/data_transformation.py
→ Line number: 133
→ Error message: 
Error occurred in Python script:
→ File: /home/azim/mlops-project/src/components/data_transformation.py
→ Line number: 255
→ Error message: An error occurred while calling the read_parquet method registered to the pandas backend.
Original Message: /home/azim/mlops-project/data/train_features.parquet
