[ 2024-12-24 10:12:43,882 ] 22 root - INFO - Data Ingestion has been started
[ 2024-12-24 10:12:43,882 ] 24 root - INFO - Data reading using Pandas from local file system
[ 2024-12-24 10:12:43,901 ] 26 root - INFO - Data reading has been completed
[ 2024-12-24 10:12:43,966 ] 30 root - INFO - Raw data has been stored
[ 2024-12-24 10:12:43,971 ] 33 root - INFO - Raw data has been splitted into train and test set
[ 2024-12-24 10:12:44,026 ] 38 root - INFO - Data has been completed
[ 2024-12-24 10:12:44,027 ] 50 root - INFO - Created feature store configuration at /home/azim/mlops-project/feature_repo/feature_store.yaml
[ 2024-12-24 10:12:44,027 ] 54 root - INFO - Configuration file content:
project: income_prediction
provider: local
registry: data/registry.db
online_store:
    type: sqlite
offline_store:
    type: file
entity_key_serialization_version: 2
[ 2024-12-24 10:12:44,041 ] 855 feast.infra.registry.registry - INFO - Registry cache expired, so refreshing
[ 2024-12-24 10:12:44,046 ] 58 root - INFO - Feature store initialized successfully
[ 2024-12-24 10:12:44,067 ] 110 root - INFO - Read train and test data completed
[ 2024-12-24 10:12:44,067 ] 111 root - INFO - Obtaining preprocessing object
[ 2024-12-24 10:12:44,067 ] 66 root - INFO - Data Transformation has been started
[ 2024-12-24 10:12:44,070 ] 125 root - INFO - Applying Preprocessing object on training and testing dataset.
[ 2024-12-24 10:12:44,123 ] 130 root - INFO - Starting Feature Store Operations
[ 2024-12-24 10:12:44,136 ] 236 root - INFO - Saved Feature Data to feature_repo/data/train_features.parquet
[ 2024-12-24 10:12:44,138 ] 855 feast.infra.registry.registry - INFO - Registry cache expired, so refreshing
[ 2024-12-24 10:12:44,143 ] 855 feast.infra.registry.registry - INFO - Registry cache expired, so refreshing
[ 2024-12-24 10:12:44,147 ] 855 feast.infra.registry.registry - INFO - Registry cache expired, so refreshing
[ 2024-12-24 10:12:44,148 ] 855 feast.infra.registry.registry - INFO - Registry cache expired, so refreshing
[ 2024-12-24 10:12:44,152 ] 261 root - ERROR - Error in push_features_to_store: An error occurred while calling the read_parquet method registered to the pandas backend.
Original Message: /home/azim/mlops-project/data/train_features.parquet
[ 2024-12-24 10:12:44,153 ] 52 root - ERROR - 
Error occurred in Python script:
→ File: /home/azim/mlops-project/src/components/data_transformation.py
→ Line number: 254
→ Error message: An error occurred while calling the read_parquet method registered to the pandas backend.
Original Message: /home/azim/mlops-project/data/train_features.parquet
[ 2024-12-24 10:12:44,154 ] 152 root - ERROR - Error in data transformatin: 
Error occurred in Python script:
→ File: /home/azim/mlops-project/src/components/data_transformation.py
→ Line number: 254
→ Error message: An error occurred while calling the read_parquet method registered to the pandas backend.
Original Message: /home/azim/mlops-project/data/train_features.parquet
[ 2024-12-24 10:12:44,154 ] 52 root - ERROR - 
Error occurred in Python script:
→ File: /home/azim/mlops-project/src/components/data_transformation.py
→ Line number: 133
→ Error message: 
Error occurred in Python script:
→ File: /home/azim/mlops-project/src/components/data_transformation.py
→ Line number: 254
→ Error message: An error occurred while calling the read_parquet method registered to the pandas backend.
Original Message: /home/azim/mlops-project/data/train_features.parquet
