[ 2024-12-23 20:08:26,661 ] 22 root - INFO - Data Ingestion has been started
[ 2024-12-23 20:08:26,662 ] 24 root - INFO - Data reading using Pandas from local file system
[ 2024-12-23 20:08:26,681 ] 26 root - INFO - Data reading has been completed
[ 2024-12-23 20:08:26,750 ] 30 root - INFO - Raw data has been stored
[ 2024-12-23 20:08:26,754 ] 33 root - INFO - Raw data has been splitted into train and test set
[ 2024-12-23 20:08:26,813 ] 38 root - INFO - Data has been completed
[ 2024-12-23 20:08:26,813 ] 50 root - INFO - Created feature store configuration at /home/azim/mlops-project/feature_repo/feature_store.yaml
[ 2024-12-23 20:08:26,814 ] 54 root - INFO - Configuration file content:
project: income_prediction
provider: local
registry: data/registry.db
online_store:
    type: sqlite
offline_store:
    type: file
entity_key_serialization_version: 2
[ 2024-12-23 20:08:26,839 ] 855 feast.infra.registry.registry - INFO - Registry cache expired, so refreshing
[ 2024-12-23 20:08:26,847 ] 58 root - INFO - Feature store initialized successfully
[ 2024-12-23 20:08:26,869 ] 109 root - INFO - Read train and test data completed
[ 2024-12-23 20:08:26,869 ] 110 root - INFO - Obtaining preprocessing object
[ 2024-12-23 20:08:26,869 ] 66 root - INFO - Data Transformation has been started
[ 2024-12-23 20:08:26,872 ] 124 root - INFO - Applying Preprocessing object on training and testing dataset.
