[ 2024-12-29 15:42:49,387 ] 23 root - INFO - Data Ingestion has been started
[ 2024-12-29 15:42:49,387 ] 25 root - INFO - Data reading using Pandas from local file system
[ 2024-12-29 15:42:49,409 ] 27 root - INFO - Data reading has been completed
[ 2024-12-29 15:42:49,466 ] 31 root - INFO - Raw data has been stored
[ 2024-12-29 15:42:49,470 ] 34 root - INFO - Raw data has been splitted into train and test set
[ 2024-12-29 15:42:49,525 ] 39 root - INFO - Data has been completed
[ 2024-12-29 15:42:49,526 ] 49 root - INFO - Created feature store configuration at /home/azim/mlops-project/feature_repo/feature_repo/feature_store.yaml
[ 2024-12-29 15:42:49,526 ] 53 root - INFO - Configuration file content:
project: income_prediction
provider: local
registry: data/registry.db
online_store:
  type: sqlite
offline_store:
  type: file
entity_key_serialization_version: 2
[ 2024-12-29 15:42:49,544 ] 855 feast.infra.registry.registry - INFO - Registry cache expired, so refreshing
[ 2024-12-29 15:42:49,551 ] 57 root - INFO - Feature store initialized successfully
[ 2024-12-29 15:42:49,569 ] 110 root - INFO - Read train and test data completed
[ 2024-12-29 15:42:49,569 ] 111 root - INFO - Obtaining preprocessing object
[ 2024-12-29 15:42:49,569 ] 65 root - INFO - Data Transformation Started
[ 2024-12-29 15:42:49,571 ] 126 root - INFO - Applying preprocessing object on training and testing datasets.
[ 2024-12-29 15:42:49,605 ] 131 root - INFO - Starting feature store operations
[ 2024-12-29 15:42:49,618 ] 176 root - INFO - Saved feature data to feature_repo/data/train_features.parquet
[ 2024-12-29 15:42:49,620 ] 855 feast.infra.registry.registry - INFO - Registry cache expired, so refreshing
[ 2024-12-29 15:42:49,630 ] 215 root - INFO - Applied entity and feature view for train
[ 2024-12-29 15:42:49,630 ] 855 feast.infra.registry.registry - INFO - Registry cache expired, so refreshing
[ 2024-12-29 15:42:49,632 ] 855 feast.infra.registry.registry - INFO - Registry cache expired, so refreshing
[ 2024-12-29 15:42:49,632 ] 855 feast.infra.registry.registry - INFO - Registry cache expired, so refreshing
[ 2024-12-29 15:42:56,756 ] 222 root - INFO - Materialized features successfully
[ 2024-12-29 15:42:56,756 ] 135 root - INFO - Pushed training data to feature store
[ 2024-12-29 15:42:56,763 ] 176 root - INFO - Saved feature data to feature_repo/data/test_features.parquet
[ 2024-12-29 15:42:56,764 ] 855 feast.infra.registry.registry - INFO - Registry cache expired, so refreshing
[ 2024-12-29 15:42:56,770 ] 215 root - INFO - Applied entity and feature view for test
[ 2024-12-29 15:42:56,771 ] 855 feast.infra.registry.registry - INFO - Registry cache expired, so refreshing
[ 2024-12-29 15:42:56,774 ] 855 feast.infra.registry.registry - INFO - Registry cache expired, so refreshing
[ 2024-12-29 15:42:56,775 ] 855 feast.infra.registry.registry - INFO - Registry cache expired, so refreshing
[ 2024-12-29 15:43:02,586 ] 855 feast.infra.registry.registry - INFO - Registry cache expired, so refreshing
[ 2024-12-29 15:43:04,352 ] 222 root - INFO - Materialized features successfully
[ 2024-12-29 15:43:04,353 ] 138 root - INFO - Pushed testing data to feature store
[ 2024-12-29 15:43:04,584 ] 124 root - INFO - starting model training pipeline
[ 2024-12-29 15:43:04,584 ] 168 root - INFO - TrainingRandomForest
[ 2024-12-29 15:43:04,584 ] 218 root - ERROR - Error in model training pripeline: 'ModelTrainer' object has no attribute 'train_model'
[ 2024-12-29 15:43:04,584 ] 52 root - ERROR - 
Error occurred in Python script:
→ File: /home/azim/mlops-project/src/components/model_trainer.py
→ Line number: 169
→ Error message: 'ModelTrainer' object has no attribute 'train_model'
