[ 2024-12-29 16:05:32,000 ] 23 root - INFO - Data Ingestion has been started
[ 2024-12-29 16:05:32,000 ] 25 root - INFO - Data reading using Pandas from local file system
[ 2024-12-29 16:05:32,021 ] 27 root - INFO - Data reading has been completed
[ 2024-12-29 16:05:32,084 ] 31 root - INFO - Raw data has been stored
[ 2024-12-29 16:05:32,089 ] 34 root - INFO - Raw data has been splitted into train and test set
[ 2024-12-29 16:05:32,147 ] 39 root - INFO - Data has been completed
[ 2024-12-29 16:05:32,147 ] 50 root - INFO - Created feature store configuration at /home/azim/mlops-project/feature_repo/feature_repo/feature_store.yaml
[ 2024-12-29 16:05:32,147 ] 54 root - INFO - Configuration file content:
project: income_prediction
provider: local
registry: data/registry.db
online_store:
    type: sqlite
offline_store:
    type: file
entity_key_serialization_version: 2
[ 2024-12-29 16:05:32,163 ] 855 feast.infra.registry.registry - INFO - Registry cache expired, so refreshing
[ 2024-12-29 16:05:32,168 ] 58 root - INFO - Feature store initialized successfully
[ 2024-12-29 16:05:32,187 ] 110 root - INFO - Read train and test data completed
[ 2024-12-29 16:05:32,187 ] 111 root - INFO - Obtaining preprocessing object
[ 2024-12-29 16:05:32,187 ] 66 root - INFO - Data Transformation has been started
[ 2024-12-29 16:05:32,189 ] 125 root - INFO - Applying Preprocessing object on training and testing dataset.
[ 2024-12-29 16:05:32,224 ] 130 root - INFO - Starting Feature Store Operations
[ 2024-12-29 16:05:32,240 ] 174 root - INFO - Saved Feature Data to feature_repo/data/train_features.parquet
[ 2024-12-29 16:05:32,241 ] 855 feast.infra.registry.registry - INFO - Registry cache expired, so refreshing
[ 2024-12-29 16:05:32,246 ] 210 root - INFO - Applied entity and feature view for train
[ 2024-12-29 16:05:32,248 ] 855 feast.infra.registry.registry - INFO - Registry cache expired, so refreshing
[ 2024-12-29 16:05:32,251 ] 855 feast.infra.registry.registry - INFO - Registry cache expired, so refreshing
[ 2024-12-29 16:05:32,251 ] 855 feast.infra.registry.registry - INFO - Registry cache expired, so refreshing
[ 2024-12-29 16:05:38,147 ] 855 feast.infra.registry.registry - INFO - Registry cache expired, so refreshing
[ 2024-12-29 16:05:39,764 ] 216 root - INFO - Materialized features successfully
[ 2024-12-29 16:05:39,765 ] 134 root - INFO - Pushed training data to feature store
[ 2024-12-29 16:05:39,773 ] 174 root - INFO - Saved Feature Data to feature_repo/data/test_features.parquet
[ 2024-12-29 16:05:39,774 ] 855 feast.infra.registry.registry - INFO - Registry cache expired, so refreshing
[ 2024-12-29 16:05:39,777 ] 210 root - INFO - Applied entity and feature view for test
[ 2024-12-29 16:05:39,778 ] 855 feast.infra.registry.registry - INFO - Registry cache expired, so refreshing
[ 2024-12-29 16:05:39,781 ] 855 feast.infra.registry.registry - INFO - Registry cache expired, so refreshing
[ 2024-12-29 16:05:39,781 ] 855 feast.infra.registry.registry - INFO - Registry cache expired, so refreshing
[ 2024-12-29 16:05:45,719 ] 855 feast.infra.registry.registry - INFO - Registry cache expired, so refreshing
[ 2024-12-29 16:05:47,317 ] 216 root - INFO - Materialized features successfully
[ 2024-12-29 16:05:47,319 ] 137 root - INFO - Pushed test data to feature store
[ 2024-12-29 16:05:47,340 ] 123 root - INFO - Starting model training pipeline
[ 2024-12-29 16:05:47,341 ] 166 root - INFO - Training RandomForest
[ 2024-12-29 16:05:47,438 ] 52 root - INFO - Started Training RandomForest
[ 2024-12-29 16:06:23,436 ] 73 root - INFO - Best Paramaters for RandomForest: {'best_class_weight': 'balanced', 'best_max_depth': 10, 'best_min_samples_split': 5, 'best_n_estimators': 50}
[ 2024-12-29 16:06:26,680 ] 114 root - INFO - Completed Training RandomForest
[ 2024-12-29 16:06:26,695 ] 166 root - INFO - Training DecisionTree
[ 2024-12-29 16:06:26,708 ] 52 root - INFO - Started Training DecisionTree
[ 2024-12-29 16:06:32,912 ] 73 root - INFO - Best Paramaters for DecisionTree: {'best_class_weight': 'balanced', 'best_criterion': 'entropy', 'best_max_depth': 6, 'best_min_samples_split': 2}
[ 2024-12-29 16:06:34,838 ] 114 root - INFO - Completed Training DecisionTree
[ 2024-12-29 16:06:34,854 ] 166 root - INFO - Training LogisticRegression
[ 2024-12-29 16:06:34,871 ] 52 root - INFO - Started Training LogisticRegression
[ 2024-12-29 16:06:39,321 ] 73 root - INFO - Best Paramaters for LogisticRegression: {'best_C': 10, 'best_class_weight': 'balanced', 'best_solver': 'saga'}
[ 2024-12-29 16:06:41,043 ] 114 root - INFO - Completed Training LogisticRegression
[ 2024-12-29 16:06:41,058 ] 183 root - INFO - Best model: RandomForest with accuracy:0.8099262446220037
