[ 2024-12-28 14:59:56,961 ] 23 root - INFO - Data Ingestion has been started
[ 2024-12-28 14:59:56,962 ] 25 root - INFO - Data reading using Pandas from local file system
[ 2024-12-28 14:59:57,003 ] 27 root - INFO - Data reading has been completed
[ 2024-12-28 14:59:57,066 ] 31 root - INFO - Raw data has been stored
[ 2024-12-28 14:59:57,080 ] 34 root - INFO - Raw data has been splitted into train and test set
[ 2024-12-28 14:59:57,144 ] 39 root - INFO - Data has been completed
[ 2024-12-28 14:59:57,146 ] 50 root - INFO - Created feature store configuration at /home/azim/mlops-project/feature_repo/feature_store.yaml
[ 2024-12-28 14:59:57,146 ] 54 root - INFO - Configuration file content:
project: income_prediction
provider: local
registry: data/registry.db
online_store:
    type: sqlite
offline_store:
    type: file
entity_key_serialization_version: 2
[ 2024-12-28 14:59:57,176 ] 855 feast.infra.registry.registry - INFO - Registry cache expired, so refreshing
[ 2024-12-28 14:59:57,185 ] 58 root - INFO - Feature store initialized successfully
[ 2024-12-28 14:59:57,206 ] 110 root - INFO - Read train and test data completed
[ 2024-12-28 14:59:57,207 ] 111 root - INFO - Obtaining preprocessing object
[ 2024-12-28 14:59:57,207 ] 66 root - INFO - Data Transformation has been started
[ 2024-12-28 14:59:57,211 ] 125 root - INFO - Applying Preprocessing object on training and testing dataset.
[ 2024-12-28 14:59:57,268 ] 130 root - INFO - Starting Feature Store Operations
[ 2024-12-28 14:59:57,292 ] 174 root - INFO - Saved Feature Data to feature_repo/data/train_features.parquet
[ 2024-12-28 14:59:57,293 ] 855 feast.infra.registry.registry - INFO - Registry cache expired, so refreshing
[ 2024-12-28 14:59:57,300 ] 210 root - INFO - Applied entity and feature view for train
[ 2024-12-28 14:59:57,301 ] 855 feast.infra.registry.registry - INFO - Registry cache expired, so refreshing
[ 2024-12-28 14:59:57,302 ] 855 feast.infra.registry.registry - INFO - Registry cache expired, so refreshing
[ 2024-12-28 14:59:57,303 ] 855 feast.infra.registry.registry - INFO - Registry cache expired, so refreshing
[ 2024-12-28 14:59:57,309 ] 220 root - ERROR - Error in push_features_to_store: An error occurred while calling the read_parquet method registered to the pandas backend.
Original Message: /home/azim/mlops-project/data/train_features.parquet
[ 2024-12-28 14:59:57,309 ] 52 root - ERROR - 
Error occurred in Python script:
→ File: /home/azim/mlops-project/src/components/data_transformation.py
→ Line number: 213
→ Error message: An error occurred while calling the read_parquet method registered to the pandas backend.
Original Message: /home/azim/mlops-project/data/train_features.parquet
[ 2024-12-28 14:59:57,310 ] 152 root - ERROR - Error in data transformatin: 
Error occurred in Python script:
→ File: /home/azim/mlops-project/src/components/data_transformation.py
→ Line number: 213
→ Error message: An error occurred while calling the read_parquet method registered to the pandas backend.
Original Message: /home/azim/mlops-project/data/train_features.parquet
[ 2024-12-28 14:59:57,310 ] 52 root - ERROR - 
Error occurred in Python script:
→ File: /home/azim/mlops-project/src/components/data_transformation.py
→ Line number: 133
→ Error message: 
Error occurred in Python script:
→ File: /home/azim/mlops-project/src/components/data_transformation.py
→ Line number: 213
→ Error message: An error occurred while calling the read_parquet method registered to the pandas backend.
Original Message: /home/azim/mlops-project/data/train_features.parquet
